26.06.2018 10:09:53	Этот журнал содержит сведения об операции импорта схемы в проект "Medwork" на компьютере "MW-SRV", выполненной пользователем "suhov".
26.06.2018 10:09:56	Импорт схемы базы данных начат.
26.06.2018 10:10:29	Идет сбор параметров базы данных
26.06.2018 10:10:29	Идет сбор пользователей
26.06.2018 10:10:30	Идет сбор ролей
26.06.2018 10:10:30	Идет сбор ролей приложений
26.06.2018 10:10:30	Идет сбор членств ролей
26.06.2018 10:10:30	Идет сбор файловых групп
26.06.2018 10:10:30	Идет сбор полнотекстовых каталогов
26.06.2018 10:10:30	Идет сбор сборок
26.06.2018 10:10:30	Идет сбор сертификатов
26.06.2018 10:10:30	Идет сбор асимметричных ключей
26.06.2018 10:10:30	Идет сбор симметричных ключей
26.06.2018 10:10:30	Идет сбор зашифрованных симметричных ключей
26.06.2018 10:10:30	Идет сбор схем
26.06.2018 10:10:30	Идет сбор коллекции схем XML
26.06.2018 10:10:30	Идет сбор определяемых пользователем типов данных
26.06.2018 10:10:30	Идет сбор определяемых пользователем типов
26.06.2018 10:10:30	Идет сбор табличных типов
26.06.2018 10:10:30	Сбор уникальных ключей для табличных типов
26.06.2018 10:10:30	Идет сбор первичных ключей для табличных типов
26.06.2018 10:10:30	Идет сбор проверочных ограничений для табличных типов
26.06.2018 10:10:30	Идет сбор ограничений по умолчанию для табличных типов
26.06.2018 10:10:30	Идет сбор функций секционирования
26.06.2018 10:10:30	Идет сбор схем секционирования
26.06.2018 10:10:30	Идет сбор функций
26.06.2018 10:10:34	Сбор зашифрованных функций
26.06.2018 10:10:34	Идет сбор статистических выражений
26.06.2018 10:10:34	Идет сбор процедур
26.06.2018 10:10:36	Сбор зашифрованных процедур
26.06.2018 10:10:39	Идет сбор таблиц
26.06.2018 10:11:11	Идет сбор первичных ключей
26.06.2018 10:11:13	Идет сбор ограничений уникальности
26.06.2018 10:11:13	Идет сбор внешних ключей
26.06.2018 10:11:14	Идет сбор ограничений по умолчанию
26.06.2018 10:11:14	Идет сбор проверочных ограничений
26.06.2018 10:11:14	Идет сбор представлений
26.06.2018 10:11:15	Сбор зашифрованных представлений
26.06.2018 10:11:15	Идет сбор индексов
26.06.2018 10:11:15	Идет сбор статистики
26.06.2018 10:11:15	Идет сбор списков стоп-слов полнотекстовых индексов
26.06.2018 10:11:15	Идет сбор полнотекстовых индексов
26.06.2018 10:11:15	Идет сбор пространственных индексов
26.06.2018 10:11:15	Идет сбор XML-индексов
26.06.2018 10:11:15	Сбор зашифрованных триггеров
26.06.2018 10:11:15	Идет сбор триггеров
26.06.2018 10:11:16	Идет сбор зашифрованных триггеров и триггеров ddl clr
26.06.2018 10:11:16	Идет сбор триггеров ddl
26.06.2018 10:11:16	Идет сбор синонимов
26.06.2018 10:11:16	Идет сбор значений по умолчанию
26.06.2018 10:11:16	Идет сбор привязок uddt ограничений данных
26.06.2018 10:11:16	Идет сбор правил
26.06.2018 10:11:16	Идет сбор привязок uddt ограничений данных
26.06.2018 10:11:16	Идет сбор типов сообщений
26.06.2018 10:11:16	Идет сбор списков ожидания
26.06.2018 10:11:16	Идет сбор контрактов
26.06.2018 10:11:16	Идет сбор служб
26.06.2018 10:11:16	Идет сбор уведомлений о событиях
26.06.2018 10:11:16	Идет сбор привязок удаленных служб
26.06.2018 10:11:16	Идет сбор приоритетов брокера
26.06.2018 10:11:16	Идет сбор подписей
26.06.2018 10:11:16	Идет сбор параметров сжатия данных
26.06.2018 10:11:16	Сбор разрешений базы данных
26.06.2018 10:11:16	Идет сбор расширенных свойств
26.06.2018 10:11:17	Идет сбор учетных данных
26.06.2018 10:11:17	Идет сбор имен входа
26.06.2018 10:11:17	Идет сбор аудитов сервера
26.06.2018 10:11:45	Выполняется проверка проекта на наличие повторяющихся элементов
26.06.2018 10:11:56	Обработка повторяющегося элемента завершена
26.06.2018 10:12:15	Импорт базы данных завершен.
26.06.2018 10:12:15	summary операции импорта была сохранена по следующему пути: C:\Projects\medwork\Medwork\Medwork\Журналы импорта схем\Medwork_20180626120953.log
26.06.2018 10:12:15	Для продолжения нажмите кнопку ''Готово''...
